Using pre-set license
Built from '2020.3/release' branch; Version is '2020.3.12f1 (b3b2c6512326) revision 11776710'; Using compiler version '192528614'; Build Type 'Release'
OS: 'Windows 10 Pro; OS build 19044.1645; Version 2009; 64bit' Language: 'en' Physical Memory: 16122 MB
BatchMode: 1, IsHumanControllingUs: 0, StartBugReporterOnCrash: 0, Is64bit: 1, IsPro: 0

 COMMAND LINE ARGUMENTS:
C:\Program Files\Unity\Hub\Editor\2020.3.12f1\Editor\Unity.exe
-adb2
-batchMode
-noUpm
-name
AssetImportWorker0
-projectPath
C:/Users/Ateet.Gogineni/Documents/Unity_Projects/ParticalEffect_DemoProject
-logFile
Logs/AssetImportWorker0.log
-srvPort
53439
Successfully changed project path to: C:/Users/Ateet.Gogineni/Documents/Unity_Projects/ParticalEffect_DemoProject
C:/Users/Ateet.Gogineni/Documents/Unity_Projects/ParticalEffect_DemoProject
Using Asset Import Pipeline V2.
Refreshing native plugins compatible for Editor in 79.23 ms, found 2 plugins.
Preloading 0 native plugins for Editor in 0.00 ms.
Initialize engine version: 2020.3.12f1 (b3b2c6512326)
[Subsystems] Discovering subsystems at path C:/Program Files/Unity/Hub/Editor/2020.3.12f1/Editor/Data/Resources/UnitySubsystems
[Subsystems] Discovering subsystems at path C:/Users/Ateet.Gogineni/Documents/Unity_Projects/ParticalEffect_DemoProject/Assets
GfxDevice: creating device client; threaded=0
Direct3D:
    Version:  Direct3D 11.0 [level 11.1]
    Renderer: Intel(R) Iris(R) Xe Graphics (ID=0x9a49)
    Vendor:   
    VRAM:     8061 MB
    Driver:   30.0.100.9955
Initialize mono
Mono path[0] = 'C:/Program Files/Unity/Hub/Editor/2020.3.12f1/Editor/Data/Managed'
Mono path[1] = 'C:/Program Files/Unity/Hub/Editor/2020.3.12f1/Editor/Data/MonoBleedingEdge/lib/mono/unityjit'
Mono config path = 'C:/Program Files/Unity/Hub/Editor/2020.3.12f1/Editor/Data/MonoBleedingEdge/etc'
Using monoOptions --debugger-agent=transport=dt_socket,embedding=1,server=y,suspend=n,address=127.0.0.1:56156
Begin MonoManager ReloadAssembly
Registering precompiled unity dll's ...
Register platform support module: C:/Program Files/Unity/Hub/Editor/2020.3.12f1/Editor/Data/PlaybackEngines/WindowsStandaloneSupport/UnityEditor.WindowsStandalone.Extensions.dll
Registered in 0.009178 seconds.
Native extension for WindowsStandalone target not found
Refreshing native plugins compatible for Editor in 87.28 ms, found 2 plugins.
Preloading 0 native plugins for Editor in 0.00 ms.
Mono: successfully reloaded assembly
- Completed reload, in  6.197 seconds
Platform modules already initialized, skipping
Registering precompiled user dll's ...
Registered in 0.021780 seconds.
Begin MonoManager ReloadAssembly
Native extension for WindowsStandalone target not found
Refreshing native plugins compatible for Editor in 0.53 ms, found 2 plugins.
Preloading 0 native plugins for Editor in 0.00 ms.
Mono: successfully reloaded assembly
- Completed reload, in  2.882 seconds
Platform modules already initialized, skipping
========================================================================
Worker process is ready to serve import requests
Launched and connected shader compiler UnityShaderCompiler.exe after 0.29 seconds
Refreshing native plugins compatible for Editor in 0.57 ms, found 2 plugins.
Preloading 0 native plugins for Editor in 0.00 ms.
Unloading 1386 Unused Serialized files (Serialized files now loaded: 0)
System memory in use before: 65.2 MB.
System memory in use after: 65.3 MB.

Unloading 19 unused Assets to reduce memory usage. Loaded Objects now: 1820.
Total: 6.176600 ms (FindLiveObjects: 0.272000 ms CreateObjectMapping: 0.071100 ms MarkObjects: 5.534500 ms  DeleteObjects: 0.286500 ms)

AssetImportParameters requested are different than current active one (requested -> active):
  custom:framework-win-MediaFoundation: 216162199b28c13a410421893ffa2e32 -> 
  custom:video-decoder-ogg-theora: a1e56fd34408186e4bbccfd4996cb3dc -> 
  custom:container-muxer-webm: aa71ff27fc2769a1b78a27578f13a17b -> 
  custom:container-demuxer-webm: 4f35f7cbe854078d1ac9338744f61a02 -> 
  custom:container-demuxer-ogg: 62fdf1f143b41e24485cea50d1cbac27 -> 
  custom:video-encoder-webm-vp8: eb34c28f22e8b96e1ab97ce403110664 -> 
  custom:video-codec-MediaFoundation-h265: 746d11721c4dcdbdad8f713fa42b33f4 -> 
  custom:video-decoder-webm-vp8: 9c59270c3fd7afecdb556c50c9e8de78 -> 
  custom:audio-decoder-ogg-vorbis: bf7c407c2cedff20999df2af8eb42d56 -> 
  custom:audio-encoder-webm-vorbis: bf7c407c2cedff20999df2af8eb42d56 -> 
========================================================================
Received Import Request.
  path: Assets/texture.jpg
  artifactKey: Guid(25774d8e7797f2c4f93ce0e27b5877a7) Importer(815301076,1909f56bfc062723c751e8b465ee728b)
Start importing Assets/texture.jpg using Guid(25774d8e7797f2c4f93ce0e27b5877a7) Importer(815301076,1909f56bfc062723c751e8b465ee728b)  -> (artifact id: '7b7a78caf7e686ae163861a10847ed8d') in 0.291446 seconds 
  Import took 0.297467 seconds .

========================================================================
Received Import Request.
  Time since last request: 11.922116 seconds.
  path: Assets/Materials/texture.mat
  artifactKey: Guid(31c78e52a34012f4bb65b790c11a93a1) Importer(815301076,1909f56bfc062723c751e8b465ee728b)
Start importing Assets/Materials/texture.mat using Guid(31c78e52a34012f4bb65b790c11a93a1) Importer(815301076,1909f56bfc062723c751e8b465ee728b)  -> (artifact id: '4332844e4152cc688eba55cbb8016310') in 0.455353 seconds 
  Import took 0.461852 seconds .

========================================================================
Received Import Request.
  Time since last request: 2644.945854 seconds.
  path: Assets/Flashlight
  artifactKey: Guid(03a0db8ff39b5fd4a8134f5bd3da864d) Importer(815301076,1909f56bfc062723c751e8b465ee728b)
Start importing Assets/Flashlight using Guid(03a0db8ff39b5fd4a8134f5bd3da864d) Importer(815301076,1909f56bfc062723c751e8b465ee728b)  -> (artifact id: 'eb10d828999113a690972cb24f2e405f') in 0.011779 seconds 
  Import took 0.018786 seconds .

========================================================================
Received Import Request.
  Time since last request: 67.681954 seconds.
  path: Assets/Flashlight/Flashlight_Gold
  artifactKey: Guid(ee7c64208f84606499a8d6039f1fa598) Importer(815301076,1909f56bfc062723c751e8b465ee728b)
Start importing Assets/Flashlight/Flashlight_Gold using Guid(ee7c64208f84606499a8d6039f1fa598) Importer(815301076,1909f56bfc062723c751e8b465ee728b)  -> (artifact id: 'c052868cbda73be1235c04d720378090') in 0.012284 seconds 
  Import took 0.017845 seconds .

========================================================================
Received Import Request.
  Time since last request: 0.022779 seconds.
  path: Assets/Flashlight/Flashlight_Gold/Flashlight.prefab
  artifactKey: Guid(d86ca2f4159e6a942abd8dfc52b38395) Importer(815301076,1909f56bfc062723c751e8b465ee728b)
Start importing Assets/Flashlight/Flashlight_Gold/Flashlight.prefab using Guid(d86ca2f4159e6a942abd8dfc52b38395) Importer(815301076,1909f56bfc062723c751e8b465ee728b)  -> (artifact id: 'e803a04e1a0e28da0d5c7ad3cbebe25d') in 1.035130 seconds 
  Import took 1.037734 seconds .

========================================================================
Received Import Request.
  Time since last request: 0.000388 seconds.
  path: Assets/Flashlight/Flashlight_Gold/FlashlightColor.prefab
  artifactKey: Guid(ae07f5a7e50d802419d96b04791e8cc0) Importer(815301076,1909f56bfc062723c751e8b465ee728b)
Start importing Assets/Flashlight/Flashlight_Gold/FlashlightColor.prefab using Guid(ae07f5a7e50d802419d96b04791e8cc0) Importer(815301076,1909f56bfc062723c751e8b465ee728b)  -> (artifact id: '6cf2be9519c53f679f219b9794f6994a') in 0.058207 seconds 
  Import took 0.062455 seconds .

========================================================================
Received Import Request.
  Time since last request: 26.277687 seconds.
  path: Assets/Flashlight/Model
  artifactKey: Guid(2d4c155c97963c944bc9cb24539b3f6c) Importer(815301076,1909f56bfc062723c751e8b465ee728b)
Start importing Assets/Flashlight/Model using Guid(2d4c155c97963c944bc9cb24539b3f6c) Importer(815301076,1909f56bfc062723c751e8b465ee728b)  -> (artifact id: '6829b3e84b74ca9bda262ae44cb99336') in 0.008891 seconds 
  Import took 0.012378 seconds .

========================================================================
Received Import Request.
  Time since last request: 0.029715 seconds.
  path: Assets/Flashlight/Model/Flashlight.prefab
  artifactKey: Guid(b694b8ec5c41f6247843a2b67222fda6) Importer(815301076,1909f56bfc062723c751e8b465ee728b)
Start importing Assets/Flashlight/Model/Flashlight.prefab using Guid(b694b8ec5c41f6247843a2b67222fda6) Importer(815301076,1909f56bfc062723c751e8b465ee728b)  -> (artifact id: 'a228c370686c90005f68d4c309b082ee') in 0.038419 seconds 
  Import took 0.041170 seconds .

========================================================================
Received Import Request.
  Time since last request: 0.000287 seconds.
  path: Assets/Flashlight/Model/Spotlight.prefab
  artifactKey: Guid(7c4cfd35d7e78fb44a0f5522e37c35b1) Importer(815301076,1909f56bfc062723c751e8b465ee728b)
Start importing Assets/Flashlight/Model/Spotlight.prefab using Guid(7c4cfd35d7e78fb44a0f5522e37c35b1) Importer(815301076,1909f56bfc062723c751e8b465ee728b)  -> (artifact id: '530a1a4a24b968804d1d33b14d698d76') in 0.012979 seconds 
  Import took 0.015709 seconds .

========================================================================
Received Import Request.
  Time since last request: 1796.887341 seconds.
  path: Assets
  artifactKey: Guid(00000000000000001000000000000000) Importer(815301076,1909f56bfc062723c751e8b465ee728b)
Start importing Assets using Guid(00000000000000001000000000000000) Importer(815301076,1909f56bfc062723c751e8b465ee728b)  -> (artifact id: '42d402b061de3733987d63b9cc3b64de') in 0.009288 seconds 
  Import took 0.013067 seconds .

========================================================================
Received Import Request.
  Time since last request: 15.348594 seconds.
  path: Assets/ParticalEffectController.cs
  artifactKey: Guid(636f238b54c76b04d9be51daa50d9d33) Importer(815301076,1909f56bfc062723c751e8b465ee728b)
Start importing Assets/ParticalEffectController.cs using Guid(636f238b54c76b04d9be51daa50d9d33) Importer(815301076,1909f56bfc062723c751e8b465ee728b)  -> (artifact id: '03403cd631d0a3bf09584938595d2fdf') in 0.016066 seconds 
  Import took 0.020235 seconds .

========================================================================
Received Import Request.
  Time since last request: 0.002756 seconds.
  path: Assets/ParticalEffectController.cs
  artifactKey: Guid(636f238b54c76b04d9be51daa50d9d33) Importer(815301076,1909f56bfc062723c751e8b465ee728b)
Start importing Assets/ParticalEffectController.cs using Guid(636f238b54c76b04d9be51daa50d9d33) Importer(815301076,1909f56bfc062723c751e8b465ee728b)  -> (artifact id: '03403cd631d0a3bf09584938595d2fdf') in 0.008862 seconds 
  Import took 0.012594 seconds .

========================================================================
Received Prepare
Registering precompiled user dll's ...
Registered in 0.015132 seconds.
Begin MonoManager ReloadAssembly
Native extension for WindowsStandalone target not found
Refreshing native plugins compatible for Editor in 0.35 ms, found 2 plugins.
Preloading 0 native plugins for Editor in 0.00 ms.
Mono: successfully reloaded assembly
- Completed reload, in  1.614 seconds
Platform modules already initialized, skipping
Refreshing native plugins compatible for Editor in 0.43 ms, found 2 plugins.
Preloading 0 native plugins for Editor in 0.00 ms.
Unloading 1382 Unused Serialized files (Serialized files now loaded: 0)
System memory in use before: 69.0 MB.
System memory in use after: 69.0 MB.

Unloading 14 unused Assets to reduce memory usage. Loaded Objects now: 1867.
Total: 1.977700 ms (FindLiveObjects: 0.130900 ms CreateObjectMapping: 0.030300 ms MarkObjects: 1.731000 ms  DeleteObjects: 0.083800 ms)

AssetImportParameters requested are different than current active one (requested -> active):
  custom:framework-win-MediaFoundation: 216162199b28c13a410421893ffa2e32 -> 
  custom:video-decoder-ogg-theora: a1e56fd34408186e4bbccfd4996cb3dc -> 
  custom:container-muxer-webm: aa71ff27fc2769a1b78a27578f13a17b -> 
  custom:container-demuxer-webm: 4f35f7cbe854078d1ac9338744f61a02 -> 
  custom:container-demuxer-ogg: 62fdf1f143b41e24485cea50d1cbac27 -> 
  custom:video-encoder-webm-vp8: eb34c28f22e8b96e1ab97ce403110664 -> 
  custom:video-codec-MediaFoundation-h265: 746d11721c4dcdbdad8f713fa42b33f4 -> 
  custom:video-decoder-webm-vp8: 9c59270c3fd7afecdb556c50c9e8de78 -> 
  custom:audio-decoder-ogg-vorbis: bf7c407c2cedff20999df2af8eb42d56 -> 
  custom:audio-encoder-webm-vorbis: bf7c407c2cedff20999df2af8eb42d56 -> 
========================================================================
Received Prepare
Registering precompiled user dll's ...
Registered in 0.017547 seconds.
Begin MonoManager ReloadAssembly
Native extension for WindowsStandalone target not found
Refreshing native plugins compatible for Editor in 0.70 ms, found 2 plugins.
Preloading 0 native plugins for Editor in 0.00 ms.
Mono: successfully reloaded assembly
- Completed reload, in  1.448 seconds
Platform modules already initialized, skipping
Refreshing native plugins compatible for Editor in 0.29 ms, found 2 plugins.
Preloading 0 native plugins for Editor in 0.00 ms.
Unloading 1382 Unused Serialized files (Serialized files now loaded: 0)
System memory in use before: 69.0 MB.
System memory in use after: 69.1 MB.

Unloading 14 unused Assets to reduce memory usage. Loaded Objects now: 1870.
Total: 1.694600 ms (FindLiveObjects: 0.153600 ms CreateObjectMapping: 0.042500 ms MarkObjects: 1.409900 ms  DeleteObjects: 0.087100 ms)

AssetImportParameters requested are different than current active one (requested -> active):
  custom:framework-win-MediaFoundation: 216162199b28c13a410421893ffa2e32 -> 
  custom:video-decoder-ogg-theora: a1e56fd34408186e4bbccfd4996cb3dc -> 
  custom:container-muxer-webm: aa71ff27fc2769a1b78a27578f13a17b -> 
  custom:container-demuxer-webm: 4f35f7cbe854078d1ac9338744f61a02 -> 
  custom:container-demuxer-ogg: 62fdf1f143b41e24485cea50d1cbac27 -> 
  custom:video-encoder-webm-vp8: eb34c28f22e8b96e1ab97ce403110664 -> 
  custom:video-codec-MediaFoundation-h265: 746d11721c4dcdbdad8f713fa42b33f4 -> 
  custom:video-decoder-webm-vp8: 9c59270c3fd7afecdb556c50c9e8de78 -> 
  custom:audio-decoder-ogg-vorbis: bf7c407c2cedff20999df2af8eb42d56 -> 
  custom:audio-encoder-webm-vorbis: bf7c407c2cedff20999df2af8eb42d56 -> 
========================================================================
Received Import Request.
  Time since last request: 911.807746 seconds.
  path: Assets/ParticalEffectController.cs
  artifactKey: Guid(636f238b54c76b04d9be51daa50d9d33) Importer(815301076,1909f56bfc062723c751e8b465ee728b)
Start importing Assets/ParticalEffectController.cs using Guid(636f238b54c76b04d9be51daa50d9d33) Importer(815301076,1909f56bfc062723c751e8b465ee728b)  -> (artifact id: '57b9ce97820c9d25a3e27daa52250eae') in 0.009625 seconds 
  Import took 0.012438 seconds .

========================================================================
Received Prepare
Registering precompiled user dll's ...
Registered in 0.013935 seconds.
Begin MonoManager ReloadAssembly
Native extension for WindowsStandalone target not found
Refreshing native plugins compatible for Editor in 0.30 ms, found 2 plugins.
Preloading 0 native plugins for Editor in 0.00 ms.
Mono: successfully reloaded assembly
- Completed reload, in  1.673 seconds
Platform modules already initialized, skipping
Refreshing native plugins compatible for Editor in 0.44 ms, found 2 plugins.
Preloading 0 native plugins for Editor in 0.00 ms.
Unloading 1382 Unused Serialized files (Serialized files now loaded: 0)
System memory in use before: 69.0 MB.
System memory in use after: 69.1 MB.

Unloading 14 unused Assets to reduce memory usage. Loaded Objects now: 1873.
Total: 3.311000 ms (FindLiveObjects: 0.231400 ms CreateObjectMapping: 0.044100 ms MarkObjects: 2.952600 ms  DeleteObjects: 0.078400 ms)

AssetImportParameters requested are different than current active one (requested -> active):
  custom:framework-win-MediaFoundation: 216162199b28c13a410421893ffa2e32 -> 
  custom:video-decoder-ogg-theora: a1e56fd34408186e4bbccfd4996cb3dc -> 
  custom:container-muxer-webm: aa71ff27fc2769a1b78a27578f13a17b -> 
  custom:container-demuxer-webm: 4f35f7cbe854078d1ac9338744f61a02 -> 
  custom:container-demuxer-ogg: 62fdf1f143b41e24485cea50d1cbac27 -> 
  custom:video-encoder-webm-vp8: eb34c28f22e8b96e1ab97ce403110664 -> 
  custom:video-codec-MediaFoundation-h265: 746d11721c4dcdbdad8f713fa42b33f4 -> 
  custom:video-decoder-webm-vp8: 9c59270c3fd7afecdb556c50c9e8de78 -> 
  custom:audio-decoder-ogg-vorbis: bf7c407c2cedff20999df2af8eb42d56 -> 
  custom:audio-encoder-webm-vorbis: bf7c407c2cedff20999df2af8eb42d56 -> 
========================================================================
Received Import Request.
  Time since last request: 195.572271 seconds.
  path: Assets/Materials
  artifactKey: Guid(9c165a70d2c42db4abeb48e0df14f6f6) Importer(815301076,1909f56bfc062723c751e8b465ee728b)
Start importing Assets/Materials using Guid(9c165a70d2c42db4abeb48e0df14f6f6) Importer(815301076,1909f56bfc062723c751e8b465ee728b)  -> (artifact id: 'a433b0505858bc595d37959bb4067d6c') in 0.011567 seconds 
  Import took 0.014469 seconds .

========================================================================
Received Import Request.
  Time since last request: 15.739353 seconds.
  path: Assets/Materials/GroundMaterial.mat
  artifactKey: Guid(1446193277d0cf7408538765e02a2eb3) Importer(815301076,1909f56bfc062723c751e8b465ee728b)
Start importing Assets/Materials/GroundMaterial.mat using Guid(1446193277d0cf7408538765e02a2eb3) Importer(815301076,1909f56bfc062723c751e8b465ee728b)  -> (artifact id: 'ae0bc0087af21f230c40e5acafe98192') in 0.094978 seconds 
  Import took 0.101043 seconds .

========================================================================
Received Import Request.
  Time since last request: 25.278794 seconds.
  path: Assets/Materials/ballMaterial.mat
  artifactKey: Guid(413c9b5a0879c6e448e6d3862ce38022) Importer(815301076,1909f56bfc062723c751e8b465ee728b)
Start importing Assets/Materials/ballMaterial.mat using Guid(413c9b5a0879c6e448e6d3862ce38022) Importer(815301076,1909f56bfc062723c751e8b465ee728b)  -> (artifact id: 'e92bee6445a3fe0928bfd45f27281623') in 0.021100 seconds 
  Import took 0.024344 seconds .

========================================================================
Received Import Request.
  Time since last request: 12.583357 seconds.
  path: Assets/Materials/ballMaterial.mat
  artifactKey: Guid(413c9b5a0879c6e448e6d3862ce38022) Importer(815301076,1909f56bfc062723c751e8b465ee728b)
Start importing Assets/Materials/ballMaterial.mat using Guid(413c9b5a0879c6e448e6d3862ce38022) Importer(815301076,1909f56bfc062723c751e8b465ee728b)  -> (artifact id: '1c1ffacd47b877a773e9f8b162128885') in 0.017985 seconds 
  Import took 0.021425 seconds .

========================================================================
Received Import Request.
  Time since last request: 0.000288 seconds.
  path: Assets/Materials/GroundMaterial.mat
  artifactKey: Guid(1446193277d0cf7408538765e02a2eb3) Importer(815301076,1909f56bfc062723c751e8b465ee728b)
Start importing Assets/Materials/GroundMaterial.mat using Guid(1446193277d0cf7408538765e02a2eb3) Importer(815301076,1909f56bfc062723c751e8b465ee728b)  -> (artifact id: 'fa00866d86db6042b706c5d1556d2252') in 0.024704 seconds 
  Import took 0.029083 seconds .

========================================================================
Received Import Request.
  Time since last request: 36.039811 seconds.
  path: Assets/BoomEffect.cs
  artifactKey: Guid(489461d7b4ac24445be2ac4bc730698b) Importer(815301076,1909f56bfc062723c751e8b465ee728b)
Start importing Assets/BoomEffect.cs using Guid(489461d7b4ac24445be2ac4bc730698b) Importer(815301076,1909f56bfc062723c751e8b465ee728b)  -> (artifact id: '145e0eb9b8bde0101d0bff6f1a08d2c2') in 0.011496 seconds 
  Import took 0.014479 seconds .

========================================================================
Received Prepare
Registering precompiled user dll's ...
Registered in 0.010960 seconds.
Begin MonoManager ReloadAssembly
Native extension for WindowsStandalone target not found
Refreshing native plugins compatible for Editor in 0.32 ms, found 2 plugins.
Preloading 0 native plugins for Editor in 0.00 ms.
Mono: successfully reloaded assembly
- Completed reload, in  1.308 seconds
Platform modules already initialized, skipping
Refreshing native plugins compatible for Editor in 0.27 ms, found 2 plugins.
Preloading 0 native plugins for Editor in 0.00 ms.
Unloading 1383 Unused Serialized files (Serialized files now loaded: 0)
System memory in use before: 69.1 MB.
System memory in use after: 69.1 MB.

Unloading 14 unused Assets to reduce memory usage. Loaded Objects now: 1878.
Total: 1.785400 ms (FindLiveObjects: 0.108700 ms CreateObjectMapping: 0.028000 ms MarkObjects: 1.565100 ms  DeleteObjects: 0.082600 ms)

AssetImportParameters requested are different than current active one (requested -> active):
  custom:framework-win-MediaFoundation: 216162199b28c13a410421893ffa2e32 -> 
  custom:video-decoder-ogg-theora: a1e56fd34408186e4bbccfd4996cb3dc -> 
  custom:container-muxer-webm: aa71ff27fc2769a1b78a27578f13a17b -> 
  custom:container-demuxer-webm: 4f35f7cbe854078d1ac9338744f61a02 -> 
  custom:container-demuxer-ogg: 62fdf1f143b41e24485cea50d1cbac27 -> 
  custom:video-encoder-webm-vp8: eb34c28f22e8b96e1ab97ce403110664 -> 
  custom:video-codec-MediaFoundation-h265: 746d11721c4dcdbdad8f713fa42b33f4 -> 
  custom:video-decoder-webm-vp8: 9c59270c3fd7afecdb556c50c9e8de78 -> 
  custom:audio-decoder-ogg-vorbis: bf7c407c2cedff20999df2af8eb42d56 -> 
  custom:audio-encoder-webm-vorbis: bf7c407c2cedff20999df2af8eb42d56 -> 
========================================================================
Received Prepare
Registering precompiled user dll's ...
Registered in 0.010873 seconds.
Begin MonoManager ReloadAssembly
Native extension for WindowsStandalone target not found
Refreshing native plugins compatible for Editor in 0.45 ms, found 2 plugins.
Preloading 0 native plugins for Editor in 0.00 ms.
Mono: successfully reloaded assembly
- Completed reload, in  1.348 seconds
Platform modules already initialized, skipping
Refreshing native plugins compatible for Editor in 0.35 ms, found 2 plugins.
Preloading 0 native plugins for Editor in 0.00 ms.
Unloading 1388 Unused Serialized files (Serialized files now loaded: 0)
System memory in use before: 69.2 MB.
System memory in use after: 69.3 MB.

Unloading 14 unused Assets to reduce memory usage. Loaded Objects now: 1886.
Total: 1.711400 ms (FindLiveObjects: 0.118100 ms CreateObjectMapping: 0.026300 ms MarkObjects: 1.502700 ms  DeleteObjects: 0.062800 ms)

AssetImportParameters requested are different than current active one (requested -> active):
  custom:framework-win-MediaFoundation: 216162199b28c13a410421893ffa2e32 -> 
  custom:video-decoder-ogg-theora: a1e56fd34408186e4bbccfd4996cb3dc -> 
  custom:container-muxer-webm: aa71ff27fc2769a1b78a27578f13a17b -> 
  custom:container-demuxer-webm: 4f35f7cbe854078d1ac9338744f61a02 -> 
  custom:container-demuxer-ogg: 62fdf1f143b41e24485cea50d1cbac27 -> 
  custom:video-encoder-webm-vp8: eb34c28f22e8b96e1ab97ce403110664 -> 
  custom:video-codec-MediaFoundation-h265: 746d11721c4dcdbdad8f713fa42b33f4 -> 
  custom:video-decoder-webm-vp8: 9c59270c3fd7afecdb556c50c9e8de78 -> 
  custom:audio-decoder-ogg-vorbis: bf7c407c2cedff20999df2af8eb42d56 -> 
  custom:audio-encoder-webm-vorbis: bf7c407c2cedff20999df2af8eb42d56 -> 
========================================================================
Received Import Request.
  Time since last request: 273.761205 seconds.
  path: Assets/Materials/boombMaterial.mat
  artifactKey: Guid(04fc02114061a0c49944a163eed47b49) Importer(815301076,1909f56bfc062723c751e8b465ee728b)
Start importing Assets/Materials/boombMaterial.mat using Guid(04fc02114061a0c49944a163eed47b49) Importer(815301076,1909f56bfc062723c751e8b465ee728b)  -> (artifact id: '8e65587f42c4ff572eb62fde898ebe77') in 0.074323 seconds 
  Import took 0.076964 seconds .

========================================================================
Received Import Request.
  Time since last request: 127.272262 seconds.
  path: Assets/Materials/boombMaterial.mat
  artifactKey: Guid(04fc02114061a0c49944a163eed47b49) Importer(815301076,1909f56bfc062723c751e8b465ee728b)
Start importing Assets/Materials/boombMaterial.mat using Guid(04fc02114061a0c49944a163eed47b49) Importer(815301076,1909f56bfc062723c751e8b465ee728b)  -> (artifact id: '6d6e9f97556d62b6c952d9a8ad7e8d4d') in 0.017934 seconds 
  Import took 0.021494 seconds .

AssetImportWorkerClient::OnTransportError - code=2 error=End of file
